# JRE version: OpenJDK Runtime Environment (17.0.6) (build 17.0.6+0-b2043.56-9586694)
# Java VM: OpenJDK 64-Bit Server VM (17.0.6+0-b2043.56-9586694, mixed mode, tiered, compressed oops, compressed class ptrs, g1 gc, windows-amd64)
GC Precious Log:
 CPUs: 8 total, 8 available
 Memory: 16179M
 Large Page Support: Disabled
 NUMA Support: Disabled
 Compressed Oops: Enabled (Zero based)
 Heap Region Size: 4M
 Heap Min Capacity: 8M
 Heap Initial Capacity: 256M
 Heap Max Capacity: 4608M
 Pre-touch: Disabled
 Parallel Workers: 8
 Concurrent Workers: 2
 Concurrent Refinement Workers: 8
 Periodic GC: Disabled
Heap:
 garbage-first heap   total 643072K, used 170687K [0x00000006e0000000, 0x0000000800000000)
  region size 4096K, 6 young (24576K), 6 survivors (24576K)
 Metaspace       used 142882K, committed 144960K, reserved 1179648K
  class space    used 18581K, committed 19648K, reserved 1048576K
GC Heap History (20 events):
Event: 7765.621 GC heap after
{Heap after GC invocations=158 (full 0):
 garbage-first heap   total 655360K, used 178067K [0x00000006e0000000, 0x0000000800000000)
  region size 4096K, 1 young (4096K), 1 survivors (4096K)
 Metaspace       used 142198K, committed 144320K, reserved 1179648K
  class space    used 18565K, committed 19648K, reserved 1048576K
}
Event: 7950.701 GC heap before
{Heap before GC invocations=158 (full 0):
 garbage-first heap   total 655360K, used 509843K [0x00000006e0000000, 0x0000000800000000)
  region size 4096K, 83 young (339968K), 1 survivors (4096K)
 Metaspace       used 142493K, committed 144512K, reserved 1179648K
  class space    used 18588K, committed 19648K, reserved 1048576K
}
Event: 7950.712 GC heap after
{Heap after GC invocations=159 (full 0):
 garbage-first heap   total 1966080K, used 188277K [0x00000006e0000000, 0x0000000800000000)
  region size 4096K, 4 young (16384K), 4 survivors (16384K)
 Metaspace       used 142493K, committed 144512K, reserved 1179648K
  class space    used 18588K, committed 19648K, reserved 1048576K
}
Event: 8257.819 GC heap before
{Heap before GC invocations=160 (full 0):
 garbage-first heap   total 724992K, used 659317K [0x00000006e0000000, 0x0000000800000000)
  region size 4096K, 121 young (495616K), 4 survivors (16384K)
 Metaspace       used 142266K, committed 144320K, reserved 1179648K
  class space    used 18565K, committed 19648K, reserved 1048576K
}
Event: 8257.876 GC heap after
{Heap after GC invocations=161 (full 0):
 garbage-first heap   total 724992K, used 208121K [0x00000006e0000000, 0x0000000800000000)
  region size 4096K, 9 young (36864K), 9 survivors (36864K)
 Metaspace       used 142266K, committed 144320K, reserved 1179648K
  class space    used 18565K, committed 19648K, reserved 1048576K
}
Event: 8257.948 GC heap before
{Heap before GC invocations=161 (full 0):
 garbage-first heap   total 724992K, used 212217K [0x00000006e0000000, 0x0000000800000000)
  region size 4096K, 10 young (40960K), 9 survivors (36864K)
 Metaspace       used 142267K, committed 144320K, reserved 1179648K
  class space    used 18565K, committed 19648K, reserved 1048576K
}
Event: 8257.986 GC heap after
{Heap after GC invocations=162 (full 0):
 garbage-first heap   total 724992K, used 174127K [0x00000006e0000000, 0x0000000800000000)
  region size 4096K, 1 young (4096K), 1 survivors (4096K)
 Metaspace       used 142267K, committed 144320K, reserved 1179648K
  class space    used 18565K, committed 19648K, reserved 1048576K
}
Event: 8309.917 GC heap before
{Heap before GC invocations=162 (full 0):
 garbage-first heap   total 724992K, used 559151K [0x00000006e0000000, 0x0000000800000000)
  region size 4096K, 96 young (393216K), 1 survivors (4096K)
 Metaspace       used 142566K, committed 144576K, reserved 1179648K
  class space    used 18588K, committed 19648K, reserved 1048576K
}
Event: 8309.982 GC heap after
{Heap after GC invocations=163 (full 0):
 garbage-first heap   total 724992K, used 193532K [0x00000006e0000000, 0x0000000800000000)
  region size 4096K, 6 young (24576K), 6 survivors (24576K)
 Metaspace       used 142566K, committed 144576K, reserved 1179648K
  class space    used 18588K, committed 19648K, reserved 1048576K
}
Event: 8490.429 GC heap before
{Heap before GC invocations=164 (full 0):
 garbage-first heap   total 712704K, used 562172K [0x00000006e0000000, 0x0000000800000000)
  region size 4096K, 97 young (397312K), 6 survivors (24576K)
 Metaspace       used 142343K, committed 144512K, reserved 1179648K
  class space    used 18565K, committed 19648K, reserved 1048576K
}
Event: 8490.488 GC heap after
{Heap after GC invocations=165 (full 0):
 garbage-first heap   total 712704K, used 185816K [0x00000006e0000000, 0x0000000800000000)
  region size 4096K, 4 young (16384K), 4 survivors (16384K)
 Metaspace       used 142343K, committed 144512K, reserved 1179648K
  class space    used 18565K, committed 19648K, reserved 1048576K
}
Event: 8490.594 GC heap before
{Heap before GC invocations=165 (full 0):
 garbage-first heap   total 712704K, used 202200K [0x00000006e0000000, 0x0000000800000000)
  region size 4096K, 8 young (32768K), 4 survivors (16384K)
 Metaspace       used 142343K, committed 144512K, reserved 1179648K
  class space    used 18565K, committed 19648K, reserved 1048576K
}
Event: 8490.668 GC heap after
{Heap after GC invocations=166 (full 0):
 garbage-first heap   total 712704K, used 162171K [0x00000006e0000000, 0x0000000800000000)
  region size 4096K, 1 young (4096K), 1 survivors (4096K)
 Metaspace       used 142343K, committed 144512K, reserved 1179648K
  class space    used 18565K, committed 19648K, reserved 1048576K
}
Event: 8795.452 GC heap before
{Heap before GC invocations=166 (full 0):
 garbage-first heap   total 712704K, used 559483K [0x00000006e0000000, 0x0000000800000000)
  region size 4096K, 99 young (405504K), 1 survivors (4096K)
 Metaspace       used 142816K, committed 144832K, reserved 1179648K
  class space    used 18589K, committed 19648K, reserved 1048576K
}
Event: 8795.472 GC heap after
{Heap after GC invocations=167 (full 0):
 garbage-first heap   total 712704K, used 182744K [0x00000006e0000000, 0x0000000800000000)
  region size 4096K, 6 young (24576K), 6 survivors (24576K)
 Metaspace       used 142816K, committed 144832K, reserved 1179648K
  class space    used 18589K, committed 19648K, reserved 1048576K
}
Event: 8916.805 GC heap before
{Heap before GC invocations=168 (full 0):
 garbage-first heap   total 643072K, used 555480K [0x00000006e0000000, 0x0000000800000000)
  region size 4096K, 99 young (405504K), 6 survivors (24576K)
 Metaspace       used 142547K, committed 144576K, reserved 1179648K
  class space    used 18557K, committed 19648K, reserved 1048576K
}
Event: 8916.832 GC heap after
{Heap after GC invocations=169 (full 0):
 garbage-first heap   total 643072K, used 177221K [0x00000006e0000000, 0x0000000800000000)
  region size 4096K, 6 young (24576K), 6 survivors (24576K)
 Metaspace       used 142547K, committed 144576K, reserved 1179648K
  class space    used 18557K, committed 19648K, reserved 1048576K
}
Event: 8916.838 GC heap before
{Heap before GC invocations=169 (full 0):
 garbage-first heap   total 643072K, used 181317K [0x00000006e0000000, 0x0000000800000000)
  region size 4096K, 7 young (28672K), 6 survivors (24576K)
 Metaspace       used 142547K, committed 144576K, reserved 1179648K
  class space    used 18557K, committed 19648K, reserved 1048576K
}
Event: 8916.859 GC heap after
{Heap after GC invocations=170 (full 0):
 garbage-first heap   total 643072K, used 150444K [0x00000006e0000000, 0x0000000800000000)
  region size 4096K, 1 young (4096K), 1 survivors (4096K)
 Metaspace       used 142547K, committed 144576K, reserved 1179648K
  class space    used 18557K, committed 19648K, reserved 1048576K
}
Event: 9905.861 GC heap before
{Heap before GC invocations=170 (full 0):
 garbage-first heap   total 643072K, used 498604K [0x00000006e0000000, 0x0000000800000000)
  region size 4096K, 87 young (356352K), 1 survivors (4096K)
 Metaspace       used 142882K, committed 144960K, reserved 1179648K
  class space    used 18581K, committed 19648K, reserved 1048576K
}

